[debug] [2025-05-07T11:48:13.691Z] ----------------------------------------------------------------------
[debug] [2025-05-07T11:48:13.694Z] Command:       /nix/store/rbdrkcs5kkwpalxcd7c6bnm33lk2955n-nodejs-20.19.0/bin/node /nix/store/brmfxwbd6i89047yx9wp8p04j5xlbk0r-firebase-tools-14.2.2/lib/node_modules/firebase-tools/lib/bin/firebase.js init hosting
[debug] [2025-05-07T11:48:13.695Z] CLI Version:   14.2.2
[debug] [2025-05-07T11:48:13.695Z] Platform:      linux
[debug] [2025-05-07T11:48:13.695Z] Node Version:  v20.19.0
[debug] [2025-05-07T11:48:13.696Z] Time:          Wed May 07 2025 11:48:13 GMT+0000 (Coordinated Universal Time)
[debug] [2025-05-07T11:48:13.696Z] ----------------------------------------------------------------------
[debug] 
[debug] [2025-05-07T11:48:13.703Z] > command requires scopes: ["email","openid","https://www.googleapis.com/auth/cloudplatformprojects.readonly","https://www.googleapis.com/auth/firebase","https://www.googleapis.com/auth/cloud-platform"]
[debug] [2025-05-07T11:48:13.704Z] > authorizing via signed-in user (tothepoweroftom@gmail.com)
[info] 
     ######## #### ########  ######## ########     ###     ######  ########
     ##        ##  ##     ## ##       ##     ##  ##   ##  ##       ##
     ######    ##  ########  ######   ########  #########  ######  ######
     ##        ##  ##    ##  ##       ##     ## ##     ##       ## ##
     ##       #### ##     ## ######## ########  ##     ##  ######  ########

You're about to initialize a Firebase project in this directory:

  /home/user/THREEJS_Procedural-clouds

[info] 
=== Project Setup
[info] 
[info] First, let's associate this project directory with a Firebase project.
[info] You can create multiple project aliases by running firebase use --add, 
[info] but for now we'll just set up a default project.
[info] 
[debug] [2025-05-07T11:48:16.507Z] Checked if tokens are valid: true, expires at: 1746621965130
[debug] [2025-05-07T11:48:16.507Z] Checked if tokens are valid: true, expires at: 1746621965130
[debug] [2025-05-07T11:48:16.511Z] >>> [apiv2][query] GET https://firebase.googleapis.com/v1beta1/projects pageSize=100
[debug] [2025-05-07T11:48:16.949Z] <<< [apiv2][status] GET https://firebase.googleapis.com/v1beta1/projects 200
[debug] [2025-05-07T11:48:16.949Z] <<< [apiv2][body] GET https://firebase.googleapis.com/v1beta1/projects [omitted]
[info] i  Using project second-flame-357709 (NewsAI) 
[info] 
=== Hosting Setup
[debug] [2025-05-07T11:48:32.939Z] Checked if tokens are valid: true, expires at: 1746621965130
[debug] [2025-05-07T11:48:32.939Z] Checked if tokens are valid: true, expires at: 1746621965130
[debug] [2025-05-07T11:48:32.939Z] >>> [apiv2][query] GET https://firebase.googleapis.com/v1beta1/projects/second-flame-357709 [none]
[debug] [2025-05-07T11:48:33.153Z] <<< [apiv2][status] GET https://firebase.googleapis.com/v1beta1/projects/second-flame-357709 200
[debug] [2025-05-07T11:48:33.153Z] <<< [apiv2][body] GET https://firebase.googleapis.com/v1beta1/projects/second-flame-357709 {"projectId":"second-flame-357709","projectNumber":"537796783420","displayName":"NewsAI","name":"projects/second-flame-357709","resources":{"hostingSite":"second-flame-357709","realtimeDatabaseInstance":"second-flame-357709-default-rtdb","locationId":"europe-west"},"state":"ACTIVE","etag":"1_3354b14b-ede9-4c0e-a6c8-63c2643eaa20"}
